

*******************************************************************************
Thu Feb  6 14:57:39 2020


FIT:    data read from "sums.dat" using ($1):($2)
        format = x:z
        x range restricted to [4.00000 : 6.00000]
        #datapoints = 6
        residuals are weighted equally (unit weight)

function used for fitting: f1(x)
	f1(x) = a1*x + b1
fitted parameters initialized with current variable values

iter      chisq       delta/lim  lambda   a1            b1           
   0 6.7323932379e+02   0.00e+00  3.60e+00    1.000000e+00   1.000000e+00
   5 9.0144892007e-03  -1.45e-03  3.60e-05    2.015640e+00  -1.462449e+01

After 5 iterations the fit converged.
final sum of squares of residuals : 0.00901449
rel. change during last iteration : -1.44757e-08

degrees of freedom    (FIT_NDF)                        : 4
rms of residuals      (FIT_STDFIT) = sqrt(WSSR/ndf)    : 0.0474723
variance of residuals (reduced chisquare) = WSSR/ndf   : 0.00225362

Final set of parameters            Asymptotic Standard Error
=======================            ==========================
a1              = 2.01564          +/- 0.0377       (1.87%)
b1              = -14.6245         +/- 0.1882       (1.287%)

correlation matrix of the fit parameters:
                a1     b1     
a1              1.000 
b1             -0.995  1.000 


*******************************************************************************
Thu Feb  6 14:57:49 2020


FIT:    data read from "sums.dat" using ($1):($2)
        format = x:z
        x range restricted to [4.00000 : 6.00000]
        #datapoints = 6
        residuals are weighted equally (unit weight)

function used for fitting: f1(x)
	f1(x) = a1*x + b1
fitted parameters initialized with current variable values

iter      chisq       delta/lim  lambda   a1            b1           
   0 9.0144892007e-03   0.00e+00  1.26e+01    2.015640e+00  -1.462449e+01
   1 9.0144892007e-03  -5.97e-10  1.26e+00    2.015640e+00  -1.462449e+01

After 1 iterations the fit converged.
final sum of squares of residuals : 0.00901449
rel. change during last iteration : -5.96555e-15

degrees of freedom    (FIT_NDF)                        : 4
rms of residuals      (FIT_STDFIT) = sqrt(WSSR/ndf)    : 0.0474723
variance of residuals (reduced chisquare) = WSSR/ndf   : 0.00225362

Final set of parameters            Asymptotic Standard Error
=======================            ==========================
a1              = 2.01564          +/- 0.0377       (1.87%)
b1              = -14.6245         +/- 0.1882       (1.287%)

correlation matrix of the fit parameters:
                a1     b1     
a1              1.000 
b1             -0.995  1.000 


*******************************************************************************
Thu Feb  6 14:58:35 2020


FIT:    data read from "sums.dat" using ($1):($2)
        format = x:z
        x range restricted to [4.00000 : 6.00000]
        #datapoints = 6
        residuals are weighted equally (unit weight)

function used for fitting: f1(x)
	f1(x) = a1*x + b1
fitted parameters initialized with current variable values

iter      chisq       delta/lim  lambda   a1            b1           
   0 6.7323932379e+02   0.00e+00  3.60e+00    1.000000e+00   1.000000e+00
   5 9.0144892007e-03  -1.45e-03  3.60e-05    2.015640e+00  -1.462449e+01

After 5 iterations the fit converged.
final sum of squares of residuals : 0.00901449
rel. change during last iteration : -1.44757e-08

degrees of freedom    (FIT_NDF)                        : 4
rms of residuals      (FIT_STDFIT) = sqrt(WSSR/ndf)    : 0.0474723
variance of residuals (reduced chisquare) = WSSR/ndf   : 0.00225362

Final set of parameters            Asymptotic Standard Error
=======================            ==========================
a1              = 2.01564          +/- 0.0377       (1.87%)
b1              = -14.6245         +/- 0.1882       (1.287%)

correlation matrix of the fit parameters:
                a1     b1     
a1              1.000 
b1             -0.995  1.000 


*******************************************************************************
Thu Feb  6 15:00:01 2020


FIT:    data read from "sums.dat" using ($1):($2)
        format = x:z
        x range restricted to [4.00000 : 6.00000]
        #datapoints = 6
        residuals are weighted equally (unit weight)

function used for fitting: f1(x)
	f1(x) = a1*x + b1
fitted parameters initialized with current variable values

iter      chisq       delta/lim  lambda   a1            b1           
   0 6.7323932379e+02   0.00e+00  3.60e+00    1.000000e+00   1.000000e+00
   5 9.0144892007e-03  -1.45e-03  3.60e-05    2.015640e+00  -1.462449e+01

After 5 iterations the fit converged.
final sum of squares of residuals : 0.00901449
rel. change during last iteration : -1.44757e-08

degrees of freedom    (FIT_NDF)                        : 4
rms of residuals      (FIT_STDFIT) = sqrt(WSSR/ndf)    : 0.0474723
variance of residuals (reduced chisquare) = WSSR/ndf   : 0.00225362

Final set of parameters            Asymptotic Standard Error
=======================            ==========================
a1              = 2.01564          +/- 0.0377       (1.87%)
b1              = -14.6245         +/- 0.1882       (1.287%)

correlation matrix of the fit parameters:
                a1     b1     
a1              1.000 
b1             -0.995  1.000 
